<?xml version="1.0" encoding="UTF-8"?>
<!-- Generated by org.testng.reporters.JUnitReportReporter -->
<testsuite hostname="TYSS-Satyam" failures="0" tests="1" name="TC004_GET_PRINT_ALL_HEADERS" time="2.718" errors="0" timestamp="2022-03-03T17:03:01 IST" skipped="0">
  <testcase classname="TC004_GET_PRINT_ALL_HEADERS" name="printAllHeaders" time="2.718"/>
  <system-out/>
</testsuite> <!-- TC004_GET_PRINT_ALL_HEADERS -->
