<?xml version="1.0" encoding="UTF-8"?>
<!-- Generated by org.testng.reporters.JUnitReportReporter -->
<testsuite hostname="TYSS-Satyam" failures="0" tests="1" name="TC003_Get_Request" time="2.390" errors="0" timestamp="2022-03-03T17:02:33 IST" skipped="0">
  <testcase classname="TC003_Get_Request" name="gooogleMapTest" time="2.390"/>
  <system-out/>
</testsuite> <!-- TC003_Get_Request -->
