<?xml version="1.0" encoding="UTF-8"?>
<!-- Generated by org.testng.reporters.JUnitReportReporter -->
<testsuite hostname="TYSS-Satyam" failures="0" tests="1" name="Program1" time="0.018" errors="0" timestamp="2022-03-08T10:15:17 IST" skipped="0">
  <testcase classname="Program1" name="main" time="0.018"/>
  <system-out/>
</testsuite> <!-- Program1 -->
