<?xml version="1.0" encoding="UTF-8"?>
<!-- Generated by org.testng.reporters.JUnitReportReporter -->
<testsuite hostname="TYSS-Satyam" failures="0" tests="1" name="TC005_GET_Validate_JSON_RESPONSE" time="5.256" errors="0" timestamp="2022-03-03T17:36:48 IST" skipped="0">
  <testcase classname="TC005_GET_Validate_JSON_RESPONSE" name="gooogleMapTest" time="5.256"/>
  <system-out/>
</testsuite> <!-- TC005_GET_Validate_JSON_RESPONSE -->
