<?xml version="1.0" encoding="UTF-8"?>
<!-- Generated by org.testng.reporters.JUnitReportReporter -->
<testsuite hostname="TYSS-Satyam" failures="0" tests="1" name="TC002_Post_Request" time="3.520" errors="0" timestamp="2022-03-03T15:30:09 IST" skipped="0">
  <testcase classname="TC002_Post_Request" name="registerCustomerAPI" time="3.520"/>
  <system-out/>
</testsuite> <!-- TC002_Post_Request -->
