<?xml version="1.0" encoding="UTF-8"?>
<!-- Generated by org.testng.reporters.JUnitReportReporter -->
<testsuite hostname="TYSS-Satyam" failures="0" tests="1" name="TC001_Get_Request" time="2.211" errors="0" timestamp="2022-03-03T17:15:06 IST" skipped="0">
  <testcase classname="TC001_Get_Request" name="getWeatherDetails" time="2.211"/>
  <system-out/>
</testsuite> <!-- TC001_Get_Request -->
