<?xml version="1.0" encoding="UTF-8"?>
<!-- Generated by org.testng.reporters.JUnitReportReporter -->
<testsuite hostname="TYSS-Satyam" failures="0" tests="1" name="TC006_GET_VALUES_OF_EACH_NODE_IN_JSON" time="7.565" errors="0" timestamp="2022-03-03T18:14:24 IST" skipped="0">
  <testcase classname="TC006_GET_VALUES_OF_EACH_NODE_IN_JSON" name="gooogleMapTest" time="7.565"/>
  <system-out/>
</testsuite> <!-- TC006_GET_VALUES_OF_EACH_NODE_IN_JSON -->
