<?xml version="1.0" encoding="UTF-8"?>
<!-- Generated by org.testng.reporters.JUnitReportReporter -->
<testsuite hostname="TYSS-Satyam" failures="0" tests="1" name="Program2" time="0.013" errors="0" timestamp="2022-03-08T15:10:39 IST" skipped="0">
  <testcase classname="Program2" name="run" time="0.013"/>
  <system-out/>
</testsuite> <!-- Program2 -->
